0 info it worked if it ends with ok
1 verbose cli [ '/home/user/.nvm/versions/node/v5.0.0/bin/node',
1 verbose cli   '/home/user/.nvm/versions/node/v5.0.0/bin/npm',
1 verbose cli   'start' ]
2 info using npm@3.3.6
3 info using node@v5.0.0
4 verbose run-script [ 'prestart', 'start', 'poststart' ]
5 info lifecycle myapp@1.0.0~prestart: myapp@1.0.0
6 silly lifecycle myapp@1.0.0~prestart: no script for prestart, continuing
7 info lifecycle myapp@1.0.0~start: myapp@1.0.0
8 verbose lifecycle myapp@1.0.0~start: unsafe-perm in lifecycle true
9 verbose lifecycle myapp@1.0.0~start: PATH: /home/user/.nvm/versions/node/v5.0.0/lib/node_modules/npm/bin/node-gyp-bin:/home/user/Documents/myApp/node_modules/.bin:/home/user/.nvm/versions/node/v5.0.0/bin:/usr/local/sbin:/usr/local/bin:/usr/sbin:/usr/bin:/sbin:/bin:/usr/games:/usr/local/games
10 verbose lifecycle myapp@1.0.0~start: CWD: /home/user/Documents/myApp
11 silly lifecycle myapp@1.0.0~start: Args: [ '-c', 'index.js' ]
12 info lifecycle myapp@1.0.0~start: Failed to exec start script
13 verbose stack Error: myapp@1.0.0 start: `index.js`
13 verbose stack spawn ENOENT
13 verbose stack     at ChildProcess.<anonymous> (/home/user/.nvm/versions/node/v5.0.0/lib/node_modules/npm/lib/utils/spawn.js:17:16)
13 verbose stack     at emitTwo (events.js:87:13)
13 verbose stack     at ChildProcess.emit (events.js:172:7)
13 verbose stack     at maybeClose (internal/child_process.js:818:16)
13 verbose stack     at Process.ChildProcess._handle.onexit (internal/child_process.js:211:5)
14 verbose pkgid myapp@1.0.0
15 verbose cwd /home/user/Documents/myApp
16 error Linux 3.13.0-24-generic
17 error argv "/home/user/.nvm/versions/node/v5.0.0/bin/node" "/home/user/.nvm/versions/node/v5.0.0/bin/npm" "start"
18 error node v5.0.0
19 error npm  v3.3.6
20 error file sh
21 error code ELIFECYCLE
22 error errno ENOENT
23 error syscall spawn
24 error myapp@1.0.0 start: `index.js`
24 error spawn ENOENT
25 error Failed at the myapp@1.0.0 start script 'index.js'.
25 error This is most likely a problem with the myapp package,
25 error not with npm itself.
25 error Tell the author that this fails on your system:
25 error     index.js
25 error You can get their info via:
25 error     npm owner ls myapp
25 error There is likely additional logging output above.
26 verbose exit [ 1, true ]
